<?xml version="1.0" encoding="UTF-8"?>
<!-- Generated by org.testng.reporters.JUnitReportReporter -->
<testsuite skipped="0" hostname="LAPTOP-FD9FNOTU" name="mainPage.mainPageTest" tests="3" failures="0" timestamp="2021-03-25T18:58:12 CDT" time="6.016" errors="0">
  <testcase name="mainPageTest1" time="1.715" classname="mainPage.mainPageTest"/>
  <system-out/>
  <testcase name="mainPageTest2" time="3.510" classname="mainPage.mainPageTest"/>
  <system-out/>
  <testcase name="mainPageTest3" time="0.791" classname="mainPage.mainPageTest"/>
  <system-out/>
</testsuite> <!-- mainPage.mainPageTest -->
